[13:08:06:059] [INFO] - com.yh.YhAppRunApplication.main(YhAppRunApplication.java:29) - com.yh.YhAppRunApplication start ....
[13:08:06:593] [INFO] - org.springframework.boot.StartupInfoLogger.logStarting(StartupInfoLogger.java:50) - Starting YhAppRunApplication on LENOVO-YH007 with PID 2292 (E:\workspace\yh007\target\classes started by YH007 in E:\workspace\yh007)
[13:08:06:594] [INFO] - org.springframework.boot.SpringApplication.logStartupProfileInfo(SpringApplication.java:679) - The following profiles are active: pro
[13:08:07:160] [WARN] - org.mybatis.spring.mapper.ClassPathMapperScanner.checkCandidate(ClassPathMapperScanner.java:239) - Skipping MapperFactoryBean with name 'personMapper' and 'com.yh.business.mapper.PersonMapper' mapperInterface. Bean already defined with the same name!
[13:08:07:162] [WARN] - org.mybatis.spring.mapper.ClassPathMapperScanner.doScan(ClassPathMapperScanner.java:166) - No MyBatis mapper was found in '[com.yh.*.mapper]' package. Please check your configuration.
[13:08:07:313] [INFO] - org.springframework.data.repository.config.RepositoryConfigurationDelegate.multipleStoresDetected(RepositoryConfigurationDelegate.java:244) - Multiple Spring Data modules found, entering strict repository configuration mode!
[13:08:07:317] [INFO] - org.springframework.data.repository.config.RepositoryConfigurationDelegate.registerRepositoriesIn(RepositoryConfigurationDelegate.java:126) - Bootstrapping Spring Data repositories in DEFAULT mode.
[13:08:07:343] [INFO] - org.springframework.data.repository.config.RepositoryConfigurationDelegate.registerRepositoriesIn(RepositoryConfigurationDelegate.java:182) - Finished Spring Data repository scanning in 14ms. Found 0 repository interfaces.
[13:08:07:565] [INFO] - org.springframework.context.support.PostProcessorRegistrationDelegate$BeanPostProcessorChecker.postProcessAfterInitialization(PostProcessorRegistrationDelegate.java:330) - Bean 'org.springframework.amqp.rabbit.annotation.RabbitBootstrapConfiguration' of type [org.springframework.amqp.rabbit.annotation.RabbitBootstrapConfiguration$$EnhancerBySpringCGLIB$$a090ecbc] is not eligible for getting processed by all BeanPostProcessors (for example: not eligible for auto-proxying)
[13:08:07:644] [INFO] - org.springframework.context.support.PostProcessorRegistrationDelegate$BeanPostProcessorChecker.postProcessAfterInitialization(PostProcessorRegistrationDelegate.java:330) - Bean 'org.springframework.transaction.annotation.ProxyTransactionManagementConfiguration' of type [org.springframework.transaction.annotation.ProxyTransactionManagementConfiguration$$EnhancerBySpringCGLIB$$da252e8e] is not eligible for getting processed by all BeanPostProcessors (for example: not eligible for auto-proxying)
[13:08:08:051] [INFO] - org.springframework.boot.web.embedded.tomcat.TomcatWebServer.initialize(TomcatWebServer.java:90) - Tomcat initialized with port(s): 8090 (http)
[13:08:08:063] [INFO] - org.apache.juli.logging.DirectJDKLog.log(DirectJDKLog.java:173) - Initializing ProtocolHandler ["http-nio-8090"]
[13:08:08:071] [INFO] - org.apache.juli.logging.DirectJDKLog.log(DirectJDKLog.java:173) - Starting service [Tomcat]
[13:08:08:071] [INFO] - org.apache.juli.logging.DirectJDKLog.log(DirectJDKLog.java:173) - Starting Servlet engine: [Apache Tomcat/9.0.16]
[13:08:08:077] [INFO] - org.apache.juli.logging.DirectJDKLog.log(DirectJDKLog.java:173) - The APR based Apache Tomcat Native library which allows optimal performance in production environments was not found on the java.library.path: [C:\Program Files\Java\jdk1.8.0_201\bin;C:\WINDOWS\Sun\Java\bin;C:\WINDOWS\system32;C:\WINDOWS;C:\Program Files (x86)\Common Files\Oracle\Java\javapath;C:\ProgramData\Oracle\Java\javapath;C:\Program Files\Java\jdk1.8.0_201\bin;D:\Program Files\mysql-5.7.22-winx64\bin;D:\Program Files\apache-maven-3.5.0\bin;D:\Program Files\gradle-5.3.1\bin;C:\Program Files (x86)\Intel\Intel(R) Management Engine Components\iCLS\;C:\Program Files\Intel\Intel(R) Management Engine Components\iCLS\;C:\WINDOWS\system32;C:\WINDOWS;C:\WINDOWS\System32\Wbem;C:\WINDOWS\System32\WindowsPowerShell\v1.0\;C:\Program Files (x86)\Intel\Intel(R) Management Engine Components\DAL;C:\Program Files\Intel\Intel(R) Management Engine Components\DAL;C:\Program Files (x86)\Intel\Intel(R) Management Engine Components\IPT;C:\Program Files\Intel\Intel(R) Management Engine Components\IPT;C:\WINDOWS\System32\OpenSSH\;D:\Program Files\MySQL\mysql-5.7.22-winx64\bin;D:\Program Files\svn\svn\bin;D:\Program Files\TortoiseGit\bin;D:\Program Files\Git\cmd;C:\Users\YH\AppData\Local\Programs\Python\Python37\Scripts\;C:\Users\YH\AppData\Local\Programs\Python\Python37\;C:\Users\YH\AppData\Local\Microsoft\WindowsApps;C:\Users\YH\AppData\Local\GitHubDesktop\bin;C:\Users\YH\AppData\Local\Microsoft\WindowsApps;;D:\Program Files\JetBrains\IntelliJ IDEA 2019.3.3\bin;;D:\Program Files\JetBrains\PyCharm 2019.3.3\bin;;.]
[13:08:08:183] [INFO] - org.apache.juli.logging.DirectJDKLog.log(DirectJDKLog.java:173) - Initializing Spring embedded WebApplicationContext
[13:08:08:183] [INFO] - org.springframework.boot.web.servlet.context.ServletWebServerApplicationContext.prepareWebApplicationContext(ServletWebServerApplicationContext.java:296) - Root WebApplicationContext: initialization completed in 1491 ms
[13:08:08:796] [INFO] - org.springframework.scheduling.concurrent.ExecutorConfigurationSupport.initialize(ExecutorConfigurationSupport.java:171) - Initializing ExecutorService 'applicationTaskExecutor'
[13:08:09:186] [INFO] - org.springframework.scheduling.concurrent.ExecutorConfigurationSupport.initialize(ExecutorConfigurationSupport.java:171) - Initializing ExecutorService 'taskScheduler'
[13:08:09:276] [INFO] - org.springframework.amqp.rabbit.connection.AbstractConnectionFactory.createBareConnection(AbstractConnectionFactory.java:460) - Attempting to connect to: [localhost:5672]
[13:08:09:306] [INFO] - org.springframework.amqp.rabbit.connection.AbstractConnectionFactory.createBareConnection(AbstractConnectionFactory.java:496) - Created new connection: rabbitConnectionFactory#6413d7e7:0/SimpleConnection@58324c9f [delegate=amqp://guest@127.0.0.1:5672/, localPort= 2784]
[13:08:09:348] [INFO] - org.apache.juli.logging.DirectJDKLog.log(DirectJDKLog.java:173) - Starting ProtocolHandler ["http-nio-8090"]
[13:08:09:366] [INFO] - org.springframework.boot.web.embedded.tomcat.TomcatWebServer.start(TomcatWebServer.java:204) - Tomcat started on port(s): 8090 (http) with context path '/yh/pro'
[13:08:09:368] [INFO] - org.springframework.boot.StartupInfoLogger.logStarted(StartupInfoLogger.java:59) - Started YhAppRunApplication in 3.224 seconds (JVM running for 5.632)
[13:08:09:370] [INFO] - com.yh.YhAppRunApplication.main(YhAppRunApplication.java:31) - com.yh.YhAppRunApplication success
