[22:22:58:499] [WARN] - org.mybatis.spring.mapper.ClassPathMapperScanner.checkCandidate(ClassPathMapperScanner.java:239) - Skipping MapperFactoryBean with name 'personMapper' and 'com.yh.business.mapper.PersonMapper' mapperInterface. Bean already defined with the same name!
[22:22:58:504] [WARN] - org.mybatis.spring.mapper.ClassPathMapperScanner.doScan(ClassPathMapperScanner.java:166) - No MyBatis mapper was found in '[com.yh.*.mapper]' package. Please check your configuration.
[22:25:36:207] [WARN] - org.mybatis.spring.mapper.ClassPathMapperScanner.checkCandidate(ClassPathMapperScanner.java:239) - Skipping MapperFactoryBean with name 'personMapper' and 'com.yh.business.mapper.PersonMapper' mapperInterface. Bean already defined with the same name!
[22:25:36:208] [WARN] - org.mybatis.spring.mapper.ClassPathMapperScanner.doScan(ClassPathMapperScanner.java:166) - No MyBatis mapper was found in '[com.yh.*.mapper]' package. Please check your configuration.
[22:29:18:953] [WARN] - org.mybatis.spring.mapper.ClassPathMapperScanner.checkCandidate(ClassPathMapperScanner.java:239) - Skipping MapperFactoryBean with name 'personMapper' and 'com.yh.business.mapper.PersonMapper' mapperInterface. Bean already defined with the same name!
[22:29:18:954] [WARN] - org.mybatis.spring.mapper.ClassPathMapperScanner.doScan(ClassPathMapperScanner.java:166) - No MyBatis mapper was found in '[com.yh.*.mapper]' package. Please check your configuration.
[22:37:17:130] [WARN] - org.mybatis.spring.mapper.ClassPathMapperScanner.checkCandidate(ClassPathMapperScanner.java:239) - Skipping MapperFactoryBean with name 'personMapper' and 'com.yh.business.mapper.PersonMapper' mapperInterface. Bean already defined with the same name!
[22:37:17:130] [WARN] - org.mybatis.spring.mapper.ClassPathMapperScanner.doScan(ClassPathMapperScanner.java:166) - No MyBatis mapper was found in '[com.yh.*.mapper]' package. Please check your configuration.
[22:37:19:515] [ERROR] - org.apache.juli.logging.DirectJDKLog.log(DirectJDKLog.java:175) - Failed to start component [Connector[HTTP/1.1-8081]]
org.apache.catalina.LifecycleException: Protocol handler start failed
	at org.apache.catalina.connector.Connector.startInternal(Connector.java:1008) ~[tomcat-embed-core-9.0.16.jar:9.0.16]
	at org.apache.catalina.util.LifecycleBase.start(LifecycleBase.java:183) [tomcat-embed-core-9.0.16.jar:9.0.16]
	at org.apache.catalina.core.StandardService.addConnector(StandardService.java:226) [tomcat-embed-core-9.0.16.jar:9.0.16]
	at org.springframework.boot.web.embedded.tomcat.TomcatWebServer.addPreviouslyRemovedConnectors(TomcatWebServer.java:259) [spring-boot-2.1.3.RELEASE.jar:2.1.3.RELEASE]
	at org.springframework.boot.web.embedded.tomcat.TomcatWebServer.start(TomcatWebServer.java:197) [spring-boot-2.1.3.RELEASE.jar:2.1.3.RELEASE]
	at org.springframework.boot.web.servlet.context.ServletWebServerApplicationContext.startWebServer(ServletWebServerApplicationContext.java:311) [spring-boot-2.1.3.RELEASE.jar:2.1.3.RELEASE]
	at org.springframework.boot.web.servlet.context.ServletWebServerApplicationContext.finishRefresh(ServletWebServerApplicationContext.java:164) [spring-boot-2.1.3.RELEASE.jar:2.1.3.RELEASE]
	at org.springframework.context.support.AbstractApplicationContext.refresh(AbstractApplicationContext.java:552) [spring-context-5.1.8.RELEASE.jar:5.1.8.RELEASE]
	at org.springframework.boot.web.servlet.context.ServletWebServerApplicationContext.refresh(ServletWebServerApplicationContext.java:142) [spring-boot-2.1.3.RELEASE.jar:2.1.3.RELEASE]
	at org.springframework.boot.SpringApplication.refresh(SpringApplication.java:775) [spring-boot-2.1.3.RELEASE.jar:2.1.3.RELEASE]
	at org.springframework.boot.SpringApplication.refreshContext(SpringApplication.java:397) [spring-boot-2.1.3.RELEASE.jar:2.1.3.RELEASE]
	at org.springframework.boot.SpringApplication.run(SpringApplication.java:316) [spring-boot-2.1.3.RELEASE.jar:2.1.3.RELEASE]
	at org.springframework.boot.SpringApplication.run(SpringApplication.java:1260) [spring-boot-2.1.3.RELEASE.jar:2.1.3.RELEASE]
	at org.springframework.boot.SpringApplication.run(SpringApplication.java:1248) [spring-boot-2.1.3.RELEASE.jar:2.1.3.RELEASE]
	at com.yh.YhAppRunApplication.main(YhAppRunApplication.java:30) [classes/:?]
Caused by: java.net.BindException: Address already in use: bind
	at sun.nio.ch.Net.bind0(Native Method) ~[?:1.8.0_201]
	at sun.nio.ch.Net.bind(Net.java:433) ~[?:1.8.0_201]
	at sun.nio.ch.Net.bind(Net.java:425) ~[?:1.8.0_201]
	at sun.nio.ch.ServerSocketChannelImpl.bind(ServerSocketChannelImpl.java:223) ~[?:1.8.0_201]
	at sun.nio.ch.ServerSocketAdaptor.bind(ServerSocketAdaptor.java:74) ~[?:1.8.0_201]
	at org.apache.tomcat.util.net.NioEndpoint.initServerSocket(NioEndpoint.java:236) ~[tomcat-embed-core-9.0.16.jar:9.0.16]
	at org.apache.tomcat.util.net.NioEndpoint.bind(NioEndpoint.java:210) ~[tomcat-embed-core-9.0.16.jar:9.0.16]
	at org.apache.tomcat.util.net.AbstractEndpoint.bindWithCleanup(AbstractEndpoint.java:1085) ~[tomcat-embed-core-9.0.16.jar:9.0.16]
	at org.apache.tomcat.util.net.AbstractEndpoint.start(AbstractEndpoint.java:1171) ~[tomcat-embed-core-9.0.16.jar:9.0.16]
	at org.apache.coyote.AbstractProtocol.start(AbstractProtocol.java:568) ~[tomcat-embed-core-9.0.16.jar:9.0.16]
	at org.apache.catalina.connector.Connector.startInternal(Connector.java:1005) ~[tomcat-embed-core-9.0.16.jar:9.0.16]
	... 14 more
[22:37:19:551] [ERROR] - org.springframework.boot.diagnostics.LoggingFailureAnalysisReporter.report(LoggingFailureAnalysisReporter.java:42) - 

***************************
APPLICATION FAILED TO START
***************************

Description:

The Tomcat connector configured to listen on port 8081 failed to start. The port may already be in use or the connector may be misconfigured.

Action:

Verify the connector's configuration, identify and stop any process that's listening on port 8081, or configure this application to listen on another port.

[22:37:57:571] [WARN] - org.mybatis.spring.mapper.ClassPathMapperScanner.checkCandidate(ClassPathMapperScanner.java:239) - Skipping MapperFactoryBean with name 'personMapper' and 'com.yh.business.mapper.PersonMapper' mapperInterface. Bean already defined with the same name!
[22:37:57:572] [WARN] - org.mybatis.spring.mapper.ClassPathMapperScanner.doScan(ClassPathMapperScanner.java:166) - No MyBatis mapper was found in '[com.yh.*.mapper]' package. Please check your configuration.
[22:37:59:890] [ERROR] - org.apache.juli.logging.DirectJDKLog.log(DirectJDKLog.java:175) - Failed to start component [Connector[HTTP/1.1-8081]]
org.apache.catalina.LifecycleException: Protocol handler start failed
	at org.apache.catalina.connector.Connector.startInternal(Connector.java:1008) ~[tomcat-embed-core-9.0.16.jar:9.0.16]
	at org.apache.catalina.util.LifecycleBase.start(LifecycleBase.java:183) [tomcat-embed-core-9.0.16.jar:9.0.16]
	at org.apache.catalina.core.StandardService.addConnector(StandardService.java:226) [tomcat-embed-core-9.0.16.jar:9.0.16]
	at org.springframework.boot.web.embedded.tomcat.TomcatWebServer.addPreviouslyRemovedConnectors(TomcatWebServer.java:259) [spring-boot-2.1.3.RELEASE.jar:2.1.3.RELEASE]
	at org.springframework.boot.web.embedded.tomcat.TomcatWebServer.start(TomcatWebServer.java:197) [spring-boot-2.1.3.RELEASE.jar:2.1.3.RELEASE]
	at org.springframework.boot.web.servlet.context.ServletWebServerApplicationContext.startWebServer(ServletWebServerApplicationContext.java:311) [spring-boot-2.1.3.RELEASE.jar:2.1.3.RELEASE]
	at org.springframework.boot.web.servlet.context.ServletWebServerApplicationContext.finishRefresh(ServletWebServerApplicationContext.java:164) [spring-boot-2.1.3.RELEASE.jar:2.1.3.RELEASE]
	at org.springframework.context.support.AbstractApplicationContext.refresh(AbstractApplicationContext.java:552) [spring-context-5.1.8.RELEASE.jar:5.1.8.RELEASE]
	at org.springframework.boot.web.servlet.context.ServletWebServerApplicationContext.refresh(ServletWebServerApplicationContext.java:142) [spring-boot-2.1.3.RELEASE.jar:2.1.3.RELEASE]
	at org.springframework.boot.SpringApplication.refresh(SpringApplication.java:775) [spring-boot-2.1.3.RELEASE.jar:2.1.3.RELEASE]
	at org.springframework.boot.SpringApplication.refreshContext(SpringApplication.java:397) [spring-boot-2.1.3.RELEASE.jar:2.1.3.RELEASE]
	at org.springframework.boot.SpringApplication.run(SpringApplication.java:316) [spring-boot-2.1.3.RELEASE.jar:2.1.3.RELEASE]
	at org.springframework.boot.SpringApplication.run(SpringApplication.java:1260) [spring-boot-2.1.3.RELEASE.jar:2.1.3.RELEASE]
	at org.springframework.boot.SpringApplication.run(SpringApplication.java:1248) [spring-boot-2.1.3.RELEASE.jar:2.1.3.RELEASE]
	at com.yh.YhAppRunApplication.main(YhAppRunApplication.java:30) [classes/:?]
Caused by: java.net.BindException: Address already in use: bind
	at sun.nio.ch.Net.bind0(Native Method) ~[?:1.8.0_201]
	at sun.nio.ch.Net.bind(Net.java:433) ~[?:1.8.0_201]
	at sun.nio.ch.Net.bind(Net.java:425) ~[?:1.8.0_201]
	at sun.nio.ch.ServerSocketChannelImpl.bind(ServerSocketChannelImpl.java:223) ~[?:1.8.0_201]
	at sun.nio.ch.ServerSocketAdaptor.bind(ServerSocketAdaptor.java:74) ~[?:1.8.0_201]
	at org.apache.tomcat.util.net.NioEndpoint.initServerSocket(NioEndpoint.java:236) ~[tomcat-embed-core-9.0.16.jar:9.0.16]
	at org.apache.tomcat.util.net.NioEndpoint.bind(NioEndpoint.java:210) ~[tomcat-embed-core-9.0.16.jar:9.0.16]
	at org.apache.tomcat.util.net.AbstractEndpoint.bindWithCleanup(AbstractEndpoint.java:1085) ~[tomcat-embed-core-9.0.16.jar:9.0.16]
	at org.apache.tomcat.util.net.AbstractEndpoint.start(AbstractEndpoint.java:1171) ~[tomcat-embed-core-9.0.16.jar:9.0.16]
	at org.apache.coyote.AbstractProtocol.start(AbstractProtocol.java:568) ~[tomcat-embed-core-9.0.16.jar:9.0.16]
	at org.apache.catalina.connector.Connector.startInternal(Connector.java:1005) ~[tomcat-embed-core-9.0.16.jar:9.0.16]
	... 14 more
[22:37:59:920] [ERROR] - org.springframework.boot.diagnostics.LoggingFailureAnalysisReporter.report(LoggingFailureAnalysisReporter.java:42) - 

***************************
APPLICATION FAILED TO START
***************************

Description:

The Tomcat connector configured to listen on port 8081 failed to start. The port may already be in use or the connector may be misconfigured.

Action:

Verify the connector's configuration, identify and stop any process that's listening on port 8081, or configure this application to listen on another port.

[22:38:42:594] [WARN] - org.mybatis.spring.mapper.ClassPathMapperScanner.checkCandidate(ClassPathMapperScanner.java:239) - Skipping MapperFactoryBean with name 'personMapper' and 'com.yh.business.mapper.PersonMapper' mapperInterface. Bean already defined with the same name!
[22:38:42:595] [WARN] - org.mybatis.spring.mapper.ClassPathMapperScanner.doScan(ClassPathMapperScanner.java:166) - No MyBatis mapper was found in '[com.yh.*.mapper]' package. Please check your configuration.
[22:39:27:949] [WARN] - org.mybatis.spring.mapper.ClassPathMapperScanner.checkCandidate(ClassPathMapperScanner.java:239) - Skipping MapperFactoryBean with name 'personMapper' and 'com.yh.business.mapper.PersonMapper' mapperInterface. Bean already defined with the same name!
[22:39:27:950] [WARN] - org.mybatis.spring.mapper.ClassPathMapperScanner.doScan(ClassPathMapperScanner.java:166) - No MyBatis mapper was found in '[com.yh.*.mapper]' package. Please check your configuration.
[22:41:11:155] [WARN] - org.mybatis.spring.mapper.ClassPathMapperScanner.checkCandidate(ClassPathMapperScanner.java:239) - Skipping MapperFactoryBean with name 'personMapper' and 'com.yh.business.mapper.PersonMapper' mapperInterface. Bean already defined with the same name!
[22:41:11:155] [WARN] - org.mybatis.spring.mapper.ClassPathMapperScanner.doScan(ClassPathMapperScanner.java:166) - No MyBatis mapper was found in '[com.yh.*.mapper]' package. Please check your configuration.
[22:41:23:311] [WARN] - org.mybatis.spring.mapper.ClassPathMapperScanner.checkCandidate(ClassPathMapperScanner.java:239) - Skipping MapperFactoryBean with name 'personMapper' and 'com.yh.business.mapper.PersonMapper' mapperInterface. Bean already defined with the same name!
[22:41:23:312] [WARN] - org.mybatis.spring.mapper.ClassPathMapperScanner.doScan(ClassPathMapperScanner.java:166) - No MyBatis mapper was found in '[com.yh.*.mapper]' package. Please check your configuration.
[22:45:53:489] [WARN] - org.mybatis.spring.mapper.ClassPathMapperScanner.checkCandidate(ClassPathMapperScanner.java:239) - Skipping MapperFactoryBean with name 'personMapper' and 'com.yh.business.mapper.PersonMapper' mapperInterface. Bean already defined with the same name!
[22:45:53:490] [WARN] - org.mybatis.spring.mapper.ClassPathMapperScanner.doScan(ClassPathMapperScanner.java:166) - No MyBatis mapper was found in '[com.yh.*.mapper]' package. Please check your configuration.
